<?xml version="1.0" encoding="UTF-8"?>
<!-- Generated by org.testng.reporters.JUnitReportReporter -->
<testsuite hostname="DESKTOP-TNIL84B" failures="0" tests="1" name="runner.Runner" time="29.735" errors="0" timestamp="2025-05-04T15:34:37 GMT-04:00" skipped="0">
  <testcase classname="runner.Runner" name="runScenario" time="29.735"/>
</testsuite> <!-- runner.Runner -->
